<?xml version="1.0" encoding="UTF-8"?>
<!-- Generated by org.testng.reporters.JUnitReportReporter -->
<testsuite skipped="0" hostname="DESKTOP-8FU55Q9" name="runner.TestRunner" tests="1" failures="0" timestamp="28 Mar 2021 22:27:39 GMT" time="40.259" errors="0">
  <testcase name="feature" time="40.259" classname="runner.TestRunner"/>
</testsuite> <!-- runner.TestRunner -->
