<?xml version="1.0" encoding="UTF-8"?>
<!-- Generated by org.testng.reporters.JUnitReportReporter -->
<testsuite skipped="0" hostname="DESKTOP-8FU55Q9" name="runner.TestRunner" tests="1" failures="0" timestamp="28 Mar 2021 10:08:52 GMT" time="39.257" errors="0">
  <testcase name="feature" time="39.257" classname="runner.TestRunner"/>
</testsuite> <!-- runner.TestRunner -->
